ERROR in
action number 6
of Collision Event with object explorer
for object button:

Setting instance to non-existing sprite: 17


ERROR in
action number 6
of Collision Event with object explorer
for object button:

Setting instance to non-existing sprite: 17


ERROR in
action number 6
of Collision Event with object explorer
for object button:

Setting instance to non-existing sprite: 17


ERROR in
action number 6
of Collision Event with object explorer
for object button:

Setting instance to non-existing sprite: 17


ERROR in
action number 6
of Collision Event with object explorer
for object button:

Setting instance to non-existing sprite: 17


ERROR in
action number 6
of Collision Event with object explorer
for object button:

Setting instance to non-existing sprite: 17


ERROR in
action number 6
of Collision Event with object explorer
for object button:

Setting instance to non-existing sprite: 17


ERROR in
action number 6
of Collision Event with object explorer
for object button:

Setting instance to non-existing sprite: 17


ERROR in
action number 6
of Collision Event with object explorer
for object button:

Setting instance to non-existing sprite: 17


ERROR in
action number 6
of Collision Event with object explorer
for object button:

Setting instance to non-existing sprite: 17


